<?xml version="1.0" encoding="UTF-8"?>
<testng-results ignored="0" total="7" passed="7" failed="0" skipped="0">
  <reporter-output>
  </reporter-output>
  <suite started-at="2020-11-17T09:11:43Z" name="Suite" finished-at="2020-11-17T09:24:23Z" duration-ms="759331">
    <groups>
    </groups>
    <test started-at="2020-11-17T09:11:43Z" name="Test" finished-at="2020-11-17T09:24:23Z" duration-ms="759331">
      <class name="SmartData_Appilcation.SmartData_App">
        <test-method is-config="true" signature="Driver_Int()[pri:0, instance:SmartData_Appilcation.SmartData_App@5a9f4771]" started-at="2020-11-17T09:11:37Z" name="Driver_Int" finished-at="2020-11-17T09:11:43Z" duration-ms="5754" status="PASS">
          <reporter-output>
          </reporter-output>
        </test-method> <!-- Driver_Int -->
        <test-method signature="SmartData_Whoweare()[pri:0, instance:SmartData_Appilcation.SmartData_App@5a9f4771]" started-at="2020-11-17T09:11:43Z" name="SmartData_Whoweare" finished-at="2020-11-17T09:12:16Z" duration-ms="32890" status="PASS">
          <reporter-output>
          </reporter-output>
        </test-method> <!-- SmartData_Whoweare -->
        <test-method signature="WhatWeDo()[pri:1, instance:SmartData_Appilcation.SmartData_App@5a9f4771]" started-at="2020-11-17T09:12:16Z" name="WhatWeDo" finished-at="2020-11-17T09:16:45Z" duration-ms="268551" status="PASS">
          <reporter-output>
          </reporter-output>
        </test-method> <!-- WhatWeDo -->
        <test-method signature="SmartData_WorkHere()[pri:2, instance:SmartData_Appilcation.SmartData_App@5a9f4771]" started-at="2020-11-17T09:16:45Z" name="SmartData_WorkHere" finished-at="2020-11-17T09:17:23Z" duration-ms="38471" status="PASS">
          <reporter-output>
          </reporter-output>
        </test-method> <!-- SmartData_WorkHere -->
        <test-method signature="SmartData_lunchLearn()[pri:3, instance:SmartData_Appilcation.SmartData_App@5a9f4771]" started-at="2020-11-17T09:17:23Z" name="SmartData_lunchLearn" finished-at="2020-11-17T09:17:58Z" duration-ms="35215" status="PASS">
          <reporter-output>
          </reporter-output>
        </test-method> <!-- SmartData_lunchLearn -->
        <test-method signature="smartData_AboutUs()[pri:4, instance:SmartData_Appilcation.SmartData_App@5a9f4771]" started-at="2020-11-17T09:17:58Z" name="smartData_AboutUs" finished-at="2020-11-17T09:19:51Z" duration-ms="112634" status="PASS">
          <reporter-output>
          </reporter-output>
        </test-method> <!-- smartData_AboutUs -->
        <test-method signature="SmartData_ContactUs()[pri:5, instance:SmartData_Appilcation.SmartData_App@5a9f4771]" started-at="2020-11-17T09:19:51Z" name="SmartData_ContactUs" finished-at="2020-11-17T09:20:49Z" duration-ms="58029" status="PASS">
          <reporter-output>
          </reporter-output>
        </test-method> <!-- SmartData_ContactUs -->
        <test-method signature="SmartData_Footer()[pri:6, instance:SmartData_Appilcation.SmartData_App@5a9f4771]" started-at="2020-11-17T09:20:49Z" name="SmartData_Footer" finished-at="2020-11-17T09:24:23Z" duration-ms="213504" status="PASS">
          <reporter-output>
          </reporter-output>
        </test-method> <!-- SmartData_Footer -->
        <test-method is-config="true" signature="Driver_Close()[pri:0, instance:SmartData_Appilcation.SmartData_App@5a9f4771]" started-at="2020-11-17T09:24:23Z" name="Driver_Close" finished-at="2020-11-17T09:24:24Z" duration-ms="1149" status="PASS">
          <reporter-output>
          </reporter-output>
        </test-method> <!-- Driver_Close -->
      </class> <!-- SmartData_Appilcation.SmartData_App -->
    </test> <!-- Test -->
  </suite> <!-- Suite -->
</testng-results>
