<?xml version="1.0" encoding="UTF-8"?>
<testng-results ignored="0" total="7" passed="7" failed="0" skipped="0">
  <reporter-output>
  </reporter-output>
  <suite started-at="2020-11-04T04:45:26Z" name="Suite" finished-at="2020-11-04T05:00:00Z" duration-ms="874015">
    <groups>
    </groups>
    <test started-at="2020-11-04T04:45:26Z" name="Test" finished-at="2020-11-04T05:00:00Z" duration-ms="874015">
      <class name="SmartData_Appilcation.SmartData_App">
        <test-method is-config="true" signature="Driver_Int()[pri:0, instance:SmartData_Appilcation.SmartData_App@14fa86ae]" started-at="2020-11-04T04:45:21Z" name="Driver_Int" finished-at="2020-11-04T04:45:26Z" duration-ms="5595" status="PASS">
          <reporter-output>
          </reporter-output>
        </test-method> <!-- Driver_Int -->
        <test-method signature="SmartData_Whoweare()[pri:0, instance:SmartData_Appilcation.SmartData_App@14fa86ae]" started-at="2020-11-04T04:45:26Z" name="SmartData_Whoweare" finished-at="2020-11-04T04:47:06Z" duration-ms="99491" status="PASS">
          <reporter-output>
          </reporter-output>
        </test-method> <!-- SmartData_Whoweare -->
        <test-method signature="WhatWeDo()[pri:1, instance:SmartData_Appilcation.SmartData_App@14fa86ae]" started-at="2020-11-04T04:47:06Z" name="WhatWeDo" finished-at="2020-11-04T04:51:48Z" duration-ms="282213" status="PASS">
          <reporter-output>
          </reporter-output>
        </test-method> <!-- WhatWeDo -->
        <test-method signature="SmartData_WorkHere()[pri:2, instance:SmartData_Appilcation.SmartData_App@14fa86ae]" started-at="2020-11-04T04:51:48Z" name="SmartData_WorkHere" finished-at="2020-11-04T04:52:18Z" duration-ms="30283" status="PASS">
          <reporter-output>
          </reporter-output>
        </test-method> <!-- SmartData_WorkHere -->
        <test-method signature="smartData_lunchLearn()[pri:3, instance:SmartData_Appilcation.SmartData_App@14fa86ae]" started-at="2020-11-04T04:52:18Z" name="smartData_lunchLearn" finished-at="2020-11-04T04:53:22Z" duration-ms="63101" status="PASS">
          <reporter-output>
          </reporter-output>
        </test-method> <!-- smartData_lunchLearn -->
        <test-method signature="smartData_AboutUs()[pri:4, instance:SmartData_Appilcation.SmartData_App@14fa86ae]" started-at="2020-11-04T04:53:22Z" name="smartData_AboutUs" finished-at="2020-11-04T04:55:03Z" duration-ms="101393" status="PASS">
          <reporter-output>
          </reporter-output>
        </test-method> <!-- smartData_AboutUs -->
        <test-method signature="SmartData_ContactUs()[pri:5, instance:SmartData_Appilcation.SmartData_App@14fa86ae]" started-at="2020-11-04T04:55:03Z" name="SmartData_ContactUs" finished-at="2020-11-04T04:55:51Z" duration-ms="47979" status="PASS">
          <reporter-output>
          </reporter-output>
        </test-method> <!-- SmartData_ContactUs -->
        <test-method signature="SmartData_Footer()[pri:6, instance:SmartData_Appilcation.SmartData_App@14fa86ae]" started-at="2020-11-04T04:55:51Z" name="SmartData_Footer" finished-at="2020-11-04T05:00:00Z" duration-ms="249525" status="PASS">
          <reporter-output>
          </reporter-output>
        </test-method> <!-- SmartData_Footer -->
        <test-method is-config="true" signature="Driver_Close()[pri:0, instance:SmartData_Appilcation.SmartData_App@14fa86ae]" started-at="2020-11-04T05:00:00Z" name="Driver_Close" finished-at="2020-11-04T05:00:01Z" duration-ms="930" status="PASS">
          <reporter-output>
          </reporter-output>
        </test-method> <!-- Driver_Close -->
      </class> <!-- SmartData_Appilcation.SmartData_App -->
    </test> <!-- Test -->
  </suite> <!-- Suite -->
</testng-results>
