<?xml version="1.0" encoding="UTF-8"?>
<testsuite xmlns:xsi="http://www.w3.org/2001/XMLSchema-instance" xsi:noNamespaceSchemaLocation="https://maven.apache.org/surefire/maven-surefire-plugin/xsd/surefire-test-report-3.0.xsd" version="3.0" name="TestSuite" time="767.072" tests="7" errors="0" skipped="0" failures="0">
  <properties>
[...]
</properties>
  <testcase name="SmartData_Whoweare" classname="SmartData_Appilcation.SmartData_App" time="32.899">
    <system-out><![CDATA[[TestNGContentHandler] [WARN] It is strongly recommended to add "<!DOCTYPE suite SYSTEM "http://testng.org/testng-1.0.dtd" >" at the top of your file, otherwise TestNG may fail or not work as expected.
]]></system-out>
    <system-err><![CDATA[Starting ChromeDriver 85.0.4183.87 (cd6713ebf92fa1cacc0f1a598df280093af0c5d7-refs/branch-heads/4183@{#1689}) on port 22518
Only local connections are allowed.
Please see https://chromedriver.chromium.org/security-considerations for suggestions on keeping ChromeDriver safe.
ChromeDriver was started successfully.
[1605604299.429][WARNING]: This version of ChromeDriver has not been tested with Chrome version 86.
Nov 17, 2020 2:41:41 PM org.openqa.selenium.remote.ProtocolHandshake createSession
INFO: Detected dialect: W3C
Nov 17, 2020 2:41:43 PM com.google.api.client.util.store.FileDataStoreFactory setPermissionsToOwnerOnly
WARNING: unable to change permissions for everybody: C:\Credentials\tokens
Nov 17, 2020 2:41:43 PM com.google.api.client.util.store.FileDataStoreFactory setPermissionsToOwnerOnly
WARNING: unable to change permissions for owner: C:\Credentials\tokens
Nov 17, 2020 2:41:45 PM com.google.api.client.util.store.FileDataStoreFactory setPermissionsToOwnerOnly
WARNING: unable to change permissions for everybody: C:\Credentials\tokens
Nov 17, 2020 2:41:45 PM com.google.api.client.util.store.FileDataStoreFactory setPermissionsToOwnerOnly
WARNING: unable to change permissions for owner: C:\Credentials\tokens
Nov 17, 2020 2:42:01 PM com.google.api.client.util.store.FileDataStoreFactory setPermissionsToOwnerOnly
WARNING: unable to change permissions for everybody: C:\Credentials\tokens
Nov 17, 2020 2:42:01 PM com.google.api.client.util.store.FileDataStoreFactory setPermissionsToOwnerOnly
WARNING: unable to change permissions for owner: C:\Credentials\tokens
Nov 17, 2020 2:42:01 PM com.google.api.client.util.store.FileDataStoreFactory setPermissionsToOwnerOnly
WARNING: unable to change permissions for everybody: C:\Credentials\tokens
Nov 17, 2020 2:42:01 PM com.google.api.client.util.store.FileDataStoreFactory setPermissionsToOwnerOnly
WARNING: unable to change permissions for owner: C:\Credentials\tokens
Nov 17, 2020 2:42:07 PM com.google.api.client.util.store.FileDataStoreFactory setPermissionsToOwnerOnly
WARNING: unable to change permissions for everybody: C:\Credentials\tokens
Nov 17, 2020 2:42:07 PM com.google.api.client.util.store.FileDataStoreFactory setPermissionsToOwnerOnly
WARNING: unable to change permissions for owner: C:\Credentials\tokens
Nov 17, 2020 2:42:07 PM com.google.api.client.util.store.FileDataStoreFactory setPermissionsToOwnerOnly
WARNING: unable to change permissions for everybody: C:\Credentials\tokens
Nov 17, 2020 2:42:07 PM com.google.api.client.util.store.FileDataStoreFactory setPermissionsToOwnerOnly
WARNING: unable to change permissions for owner: C:\Credentials\tokens
]]></system-err>
  </testcase>
  <testcase name="WhatWeDo" classname="SmartData_Appilcation.SmartData_App" time="268.643">
    <system-out><![CDATA[Enterprise Application Development
Dev-Ops/Agile Consulting
Data Science 
Automation 
Retail
Manufacturing & Logistics
Insurance & Banking
BeyondPod
SmartTicket
]]></system-out>
    <system-err><![CDATA[Nov 17, 2020 2:42:26 PM com.google.api.client.util.store.FileDataStoreFactory setPermissionsToOwnerOnly
WARNING: unable to change permissions for everybody: C:\Credentials\tokens
Nov 17, 2020 2:42:26 PM com.google.api.client.util.store.FileDataStoreFactory setPermissionsToOwnerOnly
WARNING: unable to change permissions for owner: C:\Credentials\tokens
Nov 17, 2020 2:42:26 PM com.google.api.client.util.store.FileDataStoreFactory setPermissionsToOwnerOnly
WARNING: unable to change permissions for everybody: C:\Credentials\tokens
Nov 17, 2020 2:42:26 PM com.google.api.client.util.store.FileDataStoreFactory setPermissionsToOwnerOnly
WARNING: unable to change permissions for owner: C:\Credentials\tokens
Nov 17, 2020 2:43:04 PM com.google.api.client.util.store.FileDataStoreFactory setPermissionsToOwnerOnly
WARNING: unable to change permissions for everybody: C:\Credentials\tokens
Nov 17, 2020 2:43:04 PM com.google.api.client.util.store.FileDataStoreFactory setPermissionsToOwnerOnly
WARNING: unable to change permissions for owner: C:\Credentials\tokens
Nov 17, 2020 2:43:05 PM com.google.api.client.util.store.FileDataStoreFactory setPermissionsToOwnerOnly
WARNING: unable to change permissions for everybody: C:\Credentials\tokens
Nov 17, 2020 2:43:05 PM com.google.api.client.util.store.FileDataStoreFactory setPermissionsToOwnerOnly
WARNING: unable to change permissions for owner: C:\Credentials\tokens
Nov 17, 2020 2:43:15 PM com.google.api.client.util.store.FileDataStoreFactory setPermissionsToOwnerOnly
WARNING: unable to change permissions for everybody: C:\Credentials\tokens
Nov 17, 2020 2:43:15 PM com.google.api.client.util.store.FileDataStoreFactory setPermissionsToOwnerOnly
WARNING: unable to change permissions for owner: C:\Credentials\tokens
Nov 17, 2020 2:43:16 PM com.google.api.client.util.store.FileDataStoreFactory setPermissionsToOwnerOnly
WARNING: unable to change permissions for everybody: C:\Credentials\tokens
Nov 17, 2020 2:43:16 PM com.google.api.client.util.store.FileDataStoreFactory setPermissionsToOwnerOnly
WARNING: unable to change permissions for owner: C:\Credentials\tokens
Nov 17, 2020 2:43:39 PM com.google.api.client.util.store.FileDataStoreFactory setPermissionsToOwnerOnly
WARNING: unable to change permissions for everybody: C:\Credentials\tokens
Nov 17, 2020 2:43:39 PM com.google.api.client.util.store.FileDataStoreFactory setPermissionsToOwnerOnly
WARNING: unable to change permissions for owner: C:\Credentials\tokens
Nov 17, 2020 2:43:39 PM com.google.api.client.util.store.FileDataStoreFactory setPermissionsToOwnerOnly
WARNING: unable to change permissions for everybody: C:\Credentials\tokens
Nov 17, 2020 2:43:39 PM com.google.api.client.util.store.FileDataStoreFactory setPermissionsToOwnerOnly
WARNING: unable to change permissions for owner: C:\Credentials\tokens
Nov 17, 2020 2:43:43 PM com.google.api.client.util.store.FileDataStoreFactory setPermissionsToOwnerOnly
WARNING: unable to change permissions for everybody: C:\Credentials\tokens
Nov 17, 2020 2:43:43 PM com.google.api.client.util.store.FileDataStoreFactory setPermissionsToOwnerOnly
WARNING: unable to change permissions for owner: C:\Credentials\tokens
Nov 17, 2020 2:43:44 PM com.google.api.client.util.store.FileDataStoreFactory setPermissionsToOwnerOnly
WARNING: unable to change permissions for everybody: C:\Credentials\tokens
Nov 17, 2020 2:43:44 PM com.google.api.client.util.store.FileDataStoreFactory setPermissionsToOwnerOnly
WARNING: unable to change permissions for owner: C:\Credentials\tokens
Nov 17, 2020 2:43:49 PM com.google.api.client.util.store.FileDataStoreFactory setPermissionsToOwnerOnly
WARNING: unable to change permissions for everybody: C:\Credentials\tokens
Nov 17, 2020 2:43:49 PM com.google.api.client.util.store.FileDataStoreFactory setPermissionsToOwnerOnly
WARNING: unable to change permissions for owner: C:\Credentials\tokens
Nov 17, 2020 2:43:49 PM com.google.api.client.util.store.FileDataStoreFactory setPermissionsToOwnerOnly
WARNING: unable to change permissions for everybody: C:\Credentials\tokens
Nov 17, 2020 2:43:49 PM com.google.api.client.util.store.FileDataStoreFactory setPermissionsToOwnerOnly
WARNING: unable to change permissions for owner: C:\Credentials\tokens
Nov 17, 2020 2:43:58 PM com.google.api.client.util.store.FileDataStoreFactory setPermissionsToOwnerOnly
WARNING: unable to change permissions for everybody: C:\Credentials\tokens
Nov 17, 2020 2:43:58 PM com.google.api.client.util.store.FileDataStoreFactory setPermissionsToOwnerOnly
WARNING: unable to change permissions for owner: C:\Credentials\tokens
Nov 17, 2020 2:43:59 PM com.google.api.client.util.store.FileDataStoreFactory setPermissionsToOwnerOnly
WARNING: unable to change permissions for everybody: C:\Credentials\tokens
Nov 17, 2020 2:43:59 PM com.google.api.client.util.store.FileDataStoreFactory setPermissionsToOwnerOnly
WARNING: unable to change permissions for owner: C:\Credentials\tokens
Nov 17, 2020 2:44:09 PM com.google.api.client.util.store.FileDataStoreFactory setPermissionsToOwnerOnly
WARNING: unable to change permissions for everybody: C:\Credentials\tokens
Nov 17, 2020 2:44:09 PM com.google.api.client.util.store.FileDataStoreFactory setPermissionsToOwnerOnly
WARNING: unable to change permissions for owner: C:\Credentials\tokens
Nov 17, 2020 2:44:10 PM com.google.api.client.util.store.FileDataStoreFactory setPermissionsToOwnerOnly
WARNING: unable to change permissions for everybody: C:\Credentials\tokens
Nov 17, 2020 2:44:10 PM com.google.api.client.util.store.FileDataStoreFactory setPermissionsToOwnerOnly
WARNING: unable to change permissions for owner: C:\Credentials\tokens
Nov 17, 2020 2:44:34 PM com.google.api.client.util.store.FileDataStoreFactory setPermissionsToOwnerOnly
WARNING: unable to change permissions for everybody: C:\Credentials\tokens
Nov 17, 2020 2:44:34 PM com.google.api.client.util.store.FileDataStoreFactory setPermissionsToOwnerOnly
WARNING: unable to change permissions for owner: C:\Credentials\tokens
Nov 17, 2020 2:44:35 PM com.google.api.client.util.store.FileDataStoreFactory setPermissionsToOwnerOnly
WARNING: unable to change permissions for everybody: C:\Credentials\tokens
Nov 17, 2020 2:44:35 PM com.google.api.client.util.store.FileDataStoreFactory setPermissionsToOwnerOnly
WARNING: unable to change permissions for owner: C:\Credentials\tokens
Nov 17, 2020 2:44:44 PM com.google.api.client.util.store.FileDataStoreFactory setPermissionsToOwnerOnly
WARNING: unable to change permissions for everybody: C:\Credentials\tokens
Nov 17, 2020 2:44:44 PM com.google.api.client.util.store.FileDataStoreFactory setPermissionsToOwnerOnly
WARNING: unable to change permissions for owner: C:\Credentials\tokens
Nov 17, 2020 2:44:45 PM com.google.api.client.util.store.FileDataStoreFactory setPermissionsToOwnerOnly
WARNING: unable to change permissions for everybody: C:\Credentials\tokens
Nov 17, 2020 2:44:45 PM com.google.api.client.util.store.FileDataStoreFactory setPermissionsToOwnerOnly
WARNING: unable to change permissions for owner: C:\Credentials\tokens
Nov 17, 2020 2:44:54 PM com.google.api.client.util.store.FileDataStoreFactory setPermissionsToOwnerOnly
WARNING: unable to change permissions for everybody: C:\Credentials\tokens
Nov 17, 2020 2:44:54 PM com.google.api.client.util.store.FileDataStoreFactory setPermissionsToOwnerOnly
WARNING: unable to change permissions for owner: C:\Credentials\tokens
Nov 17, 2020 2:44:55 PM com.google.api.client.util.store.FileDataStoreFactory setPermissionsToOwnerOnly
WARNING: unable to change permissions for everybody: C:\Credentials\tokens
Nov 17, 2020 2:44:55 PM com.google.api.client.util.store.FileDataStoreFactory setPermissionsToOwnerOnly
WARNING: unable to change permissions for owner: C:\Credentials\tokens
Nov 17, 2020 2:45:04 PM com.google.api.client.util.store.FileDataStoreFactory setPermissionsToOwnerOnly
WARNING: unable to change permissions for everybody: C:\Credentials\tokens
Nov 17, 2020 2:45:04 PM com.google.api.client.util.store.FileDataStoreFactory setPermissionsToOwnerOnly
WARNING: unable to change permissions for owner: C:\Credentials\tokens
Nov 17, 2020 2:45:04 PM com.google.api.client.util.store.FileDataStoreFactory setPermissionsToOwnerOnly
WARNING: unable to change permissions for everybody: C:\Credentials\tokens
Nov 17, 2020 2:45:04 PM com.google.api.client.util.store.FileDataStoreFactory setPermissionsToOwnerOnly
WARNING: unable to change permissions for owner: C:\Credentials\tokens
Nov 17, 2020 2:45:32 PM com.google.api.client.util.store.FileDataStoreFactory setPermissionsToOwnerOnly
WARNING: unable to change permissions for everybody: C:\Credentials\tokens
Nov 17, 2020 2:45:32 PM com.google.api.client.util.store.FileDataStoreFactory setPermissionsToOwnerOnly
WARNING: unable to change permissions for owner: C:\Credentials\tokens
Nov 17, 2020 2:45:33 PM com.google.api.client.util.store.FileDataStoreFactory setPermissionsToOwnerOnly
WARNING: unable to change permissions for everybody: C:\Credentials\tokens
Nov 17, 2020 2:45:33 PM com.google.api.client.util.store.FileDataStoreFactory setPermissionsToOwnerOnly
WARNING: unable to change permissions for owner: C:\Credentials\tokens
Nov 17, 2020 2:45:49 PM com.google.api.client.util.store.FileDataStoreFactory setPermissionsToOwnerOnly
WARNING: unable to change permissions for everybody: C:\Credentials\tokens
Nov 17, 2020 2:45:49 PM com.google.api.client.util.store.FileDataStoreFactory setPermissionsToOwnerOnly
WARNING: unable to change permissions for owner: C:\Credentials\tokens
Nov 17, 2020 2:45:49 PM com.google.api.client.util.store.FileDataStoreFactory setPermissionsToOwnerOnly
WARNING: unable to change permissions for everybody: C:\Credentials\tokens
Nov 17, 2020 2:45:49 PM com.google.api.client.util.store.FileDataStoreFactory setPermissionsToOwnerOnly
WARNING: unable to change permissions for owner: C:\Credentials\tokens
Nov 17, 2020 2:45:59 PM com.google.api.client.util.store.FileDataStoreFactory setPermissionsToOwnerOnly
WARNING: unable to change permissions for everybody: C:\Credentials\tokens
Nov 17, 2020 2:45:59 PM com.google.api.client.util.store.FileDataStoreFactory setPermissionsToOwnerOnly
WARNING: unable to change permissions for owner: C:\Credentials\tokens
Nov 17, 2020 2:45:59 PM com.google.api.client.util.store.FileDataStoreFactory setPermissionsToOwnerOnly
WARNING: unable to change permissions for everybody: C:\Credentials\tokens
Nov 17, 2020 2:45:59 PM com.google.api.client.util.store.FileDataStoreFactory setPermissionsToOwnerOnly
WARNING: unable to change permissions for owner: C:\Credentials\tokens
Nov 17, 2020 2:46:10 PM com.google.api.client.util.store.FileDataStoreFactory setPermissionsToOwnerOnly
WARNING: unable to change permissions for everybody: C:\Credentials\tokens
Nov 17, 2020 2:46:10 PM com.google.api.client.util.store.FileDataStoreFactory setPermissionsToOwnerOnly
WARNING: unable to change permissions for owner: C:\Credentials\tokens
Nov 17, 2020 2:46:10 PM com.google.api.client.util.store.FileDataStoreFactory setPermissionsToOwnerOnly
WARNING: unable to change permissions for everybody: C:\Credentials\tokens
Nov 17, 2020 2:46:10 PM com.google.api.client.util.store.FileDataStoreFactory setPermissionsToOwnerOnly
WARNING: unable to change permissions for owner: C:\Credentials\tokens
Nov 17, 2020 2:46:20 PM com.google.api.client.util.store.FileDataStoreFactory setPermissionsToOwnerOnly
WARNING: unable to change permissions for everybody: C:\Credentials\tokens
Nov 17, 2020 2:46:20 PM com.google.api.client.util.store.FileDataStoreFactory setPermissionsToOwnerOnly
WARNING: unable to change permissions for owner: C:\Credentials\tokens
Nov 17, 2020 2:46:21 PM com.google.api.client.util.store.FileDataStoreFactory setPermissionsToOwnerOnly
WARNING: unable to change permissions for everybody: C:\Credentials\tokens
Nov 17, 2020 2:46:21 PM com.google.api.client.util.store.FileDataStoreFactory setPermissionsToOwnerOnly
WARNING: unable to change permissions for owner: C:\Credentials\tokens
Nov 17, 2020 2:46:31 PM com.google.api.client.util.store.FileDataStoreFactory setPermissionsToOwnerOnly
WARNING: unable to change permissions for everybody: C:\Credentials\tokens
Nov 17, 2020 2:46:31 PM com.google.api.client.util.store.FileDataStoreFactory setPermissionsToOwnerOnly
WARNING: unable to change permissions for owner: C:\Credentials\tokens
Nov 17, 2020 2:46:31 PM com.google.api.client.util.store.FileDataStoreFactory setPermissionsToOwnerOnly
WARNING: unable to change permissions for everybody: C:\Credentials\tokens
Nov 17, 2020 2:46:31 PM com.google.api.client.util.store.FileDataStoreFactory setPermissionsToOwnerOnly
WARNING: unable to change permissions for owner: C:\Credentials\tokens
Nov 17, 2020 2:46:43 PM com.google.api.client.util.store.FileDataStoreFactory setPermissionsToOwnerOnly
WARNING: unable to change permissions for everybody: C:\Credentials\tokens
Nov 17, 2020 2:46:43 PM com.google.api.client.util.store.FileDataStoreFactory setPermissionsToOwnerOnly
WARNING: unable to change permissions for owner: C:\Credentials\tokens
Nov 17, 2020 2:46:44 PM com.google.api.client.util.store.FileDataStoreFactory setPermissionsToOwnerOnly
WARNING: unable to change permissions for everybody: C:\Credentials\tokens
Nov 17, 2020 2:46:44 PM com.google.api.client.util.store.FileDataStoreFactory setPermissionsToOwnerOnly
WARNING: unable to change permissions for owner: C:\Credentials\tokens
]]></system-err>
  </testcase>
  <testcase name="SmartData_WorkHere" classname="SmartData_Appilcation.SmartData_App" time="38.377">
    <system-err><![CDATA[Nov 17, 2020 2:46:53 PM com.google.api.client.util.store.FileDataStoreFactory setPermissionsToOwnerOnly
WARNING: unable to change permissions for everybody: C:\Credentials\tokens
Nov 17, 2020 2:46:53 PM com.google.api.client.util.store.FileDataStoreFactory setPermissionsToOwnerOnly
WARNING: unable to change permissions for owner: C:\Credentials\tokens
Nov 17, 2020 2:46:54 PM com.google.api.client.util.store.FileDataStoreFactory setPermissionsToOwnerOnly
WARNING: unable to change permissions for everybody: C:\Credentials\tokens
Nov 17, 2020 2:46:54 PM com.google.api.client.util.store.FileDataStoreFactory setPermissionsToOwnerOnly
WARNING: unable to change permissions for owner: C:\Credentials\tokens
Nov 17, 2020 2:47:00 PM com.google.api.client.util.store.FileDataStoreFactory setPermissionsToOwnerOnly
WARNING: unable to change permissions for everybody: C:\Credentials\tokens
Nov 17, 2020 2:47:00 PM com.google.api.client.util.store.FileDataStoreFactory setPermissionsToOwnerOnly
WARNING: unable to change permissions for owner: C:\Credentials\tokens
Nov 17, 2020 2:47:00 PM com.google.api.client.util.store.FileDataStoreFactory setPermissionsToOwnerOnly
WARNING: unable to change permissions for everybody: C:\Credentials\tokens
Nov 17, 2020 2:47:00 PM com.google.api.client.util.store.FileDataStoreFactory setPermissionsToOwnerOnly
WARNING: unable to change permissions for owner: C:\Credentials\tokens
Nov 17, 2020 2:47:19 PM com.google.api.client.util.store.FileDataStoreFactory setPermissionsToOwnerOnly
WARNING: unable to change permissions for everybody: C:\Credentials\tokens
Nov 17, 2020 2:47:19 PM com.google.api.client.util.store.FileDataStoreFactory setPermissionsToOwnerOnly
WARNING: unable to change permissions for owner: C:\Credentials\tokens
Nov 17, 2020 2:47:20 PM com.google.api.client.util.store.FileDataStoreFactory setPermissionsToOwnerOnly
WARNING: unable to change permissions for everybody: C:\Credentials\tokens
Nov 17, 2020 2:47:20 PM com.google.api.client.util.store.FileDataStoreFactory setPermissionsToOwnerOnly
WARNING: unable to change permissions for owner: C:\Credentials\tokens
]]></system-err>
  </testcase>
  <testcase name="SmartData_lunchLearn" classname="SmartData_Appilcation.SmartData_App" time="35.209">
    <system-err><![CDATA[Nov 17, 2020 2:47:32 PM com.google.api.client.util.store.FileDataStoreFactory setPermissionsToOwnerOnly
WARNING: unable to change permissions for everybody: C:\Credentials\tokens
Nov 17, 2020 2:47:32 PM com.google.api.client.util.store.FileDataStoreFactory setPermissionsToOwnerOnly
WARNING: unable to change permissions for owner: C:\Credentials\tokens
Nov 17, 2020 2:47:32 PM com.google.api.client.util.store.FileDataStoreFactory setPermissionsToOwnerOnly
WARNING: unable to change permissions for everybody: C:\Credentials\tokens
Nov 17, 2020 2:47:32 PM com.google.api.client.util.store.FileDataStoreFactory setPermissionsToOwnerOnly
WARNING: unable to change permissions for owner: C:\Credentials\tokens
Nov 17, 2020 2:47:46 PM com.google.api.client.util.store.FileDataStoreFactory setPermissionsToOwnerOnly
WARNING: unable to change permissions for everybody: C:\Credentials\tokens
Nov 17, 2020 2:47:46 PM com.google.api.client.util.store.FileDataStoreFactory setPermissionsToOwnerOnly
WARNING: unable to change permissions for owner: C:\Credentials\tokens
]]></system-err>
  </testcase>
  <testcase name="smartData_AboutUs" classname="SmartData_Appilcation.SmartData_App" time="112.634">
    <system-err><![CDATA[Nov 17, 2020 2:48:05 PM com.google.api.client.util.store.FileDataStoreFactory setPermissionsToOwnerOnly
WARNING: unable to change permissions for everybody: C:\Credentials\tokens
Nov 17, 2020 2:48:05 PM com.google.api.client.util.store.FileDataStoreFactory setPermissionsToOwnerOnly
WARNING: unable to change permissions for owner: C:\Credentials\tokens
Nov 17, 2020 2:48:06 PM com.google.api.client.util.store.FileDataStoreFactory setPermissionsToOwnerOnly
WARNING: unable to change permissions for everybody: C:\Credentials\tokens
Nov 17, 2020 2:48:06 PM com.google.api.client.util.store.FileDataStoreFactory setPermissionsToOwnerOnly
WARNING: unable to change permissions for owner: C:\Credentials\tokens
Nov 17, 2020 2:49:10 PM com.google.api.client.util.store.FileDataStoreFactory setPermissionsToOwnerOnly
WARNING: unable to change permissions for everybody: C:\Credentials\tokens
Nov 17, 2020 2:49:10 PM com.google.api.client.util.store.FileDataStoreFactory setPermissionsToOwnerOnly
WARNING: unable to change permissions for owner: C:\Credentials\tokens
]]></system-err>
  </testcase>
  <testcase name="SmartData_ContactUs" classname="SmartData_Appilcation.SmartData_App" time="58.03">
    <system-err><![CDATA[Nov 17, 2020 2:50:02 PM com.google.api.client.util.store.FileDataStoreFactory setPermissionsToOwnerOnly
WARNING: unable to change permissions for everybody: C:\Credentials\tokens
Nov 17, 2020 2:50:02 PM com.google.api.client.util.store.FileDataStoreFactory setPermissionsToOwnerOnly
WARNING: unable to change permissions for owner: C:\Credentials\tokens
Nov 17, 2020 2:50:03 PM com.google.api.client.util.store.FileDataStoreFactory setPermissionsToOwnerOnly
WARNING: unable to change permissions for everybody: C:\Credentials\tokens
Nov 17, 2020 2:50:03 PM com.google.api.client.util.store.FileDataStoreFactory setPermissionsToOwnerOnly
WARNING: unable to change permissions for owner: C:\Credentials\tokens
Nov 17, 2020 2:50:03 PM com.google.api.client.util.store.FileDataStoreFactory setPermissionsToOwnerOnly
WARNING: unable to change permissions for everybody: C:\Credentials\tokens
Nov 17, 2020 2:50:03 PM com.google.api.client.util.store.FileDataStoreFactory setPermissionsToOwnerOnly
WARNING: unable to change permissions for owner: C:\Credentials\tokens
]]></system-err>
  </testcase>
  <testcase name="SmartData_Footer" classname="SmartData_Appilcation.SmartData_App" time="213.551">
    <system-err><![CDATA[Nov 17, 2020 2:52:06 PM com.google.api.client.util.store.FileDataStoreFactory setPermissionsToOwnerOnly
WARNING: unable to change permissions for everybody: C:\Credentials\tokens
Nov 17, 2020 2:52:06 PM com.google.api.client.util.store.FileDataStoreFactory setPermissionsToOwnerOnly
WARNING: unable to change permissions for owner: C:\Credentials\tokens
Nov 17, 2020 2:52:06 PM com.google.api.client.util.store.FileDataStoreFactory setPermissionsToOwnerOnly
WARNING: unable to change permissions for everybody: C:\Credentials\tokens
Nov 17, 2020 2:52:06 PM com.google.api.client.util.store.FileDataStoreFactory setPermissionsToOwnerOnly
WARNING: unable to change permissions for owner: C:\Credentials\tokens
Nov 17, 2020 2:52:15 PM com.google.api.client.util.store.FileDataStoreFactory setPermissionsToOwnerOnly
WARNING: unable to change permissions for everybody: C:\Credentials\tokens
Nov 17, 2020 2:52:15 PM com.google.api.client.util.store.FileDataStoreFactory setPermissionsToOwnerOnly
WARNING: unable to change permissions for owner: C:\Credentials\tokens
Nov 17, 2020 2:52:15 PM com.google.api.client.util.store.FileDataStoreFactory setPermissionsToOwnerOnly
WARNING: unable to change permissions for everybody: C:\Credentials\tokens
Nov 17, 2020 2:52:15 PM com.google.api.client.util.store.FileDataStoreFactory setPermissionsToOwnerOnly
WARNING: unable to change permissions for owner: C:\Credentials\tokens
Nov 17, 2020 2:52:23 PM com.google.api.client.util.store.FileDataStoreFactory setPermissionsToOwnerOnly
WARNING: unable to change permissions for everybody: C:\Credentials\tokens
Nov 17, 2020 2:52:23 PM com.google.api.client.util.store.FileDataStoreFactory setPermissionsToOwnerOnly
WARNING: unable to change permissions for owner: C:\Credentials\tokens
Nov 17, 2020 2:52:24 PM com.google.api.client.util.store.FileDataStoreFactory setPermissionsToOwnerOnly
WARNING: unable to change permissions for everybody: C:\Credentials\tokens
Nov 17, 2020 2:52:24 PM com.google.api.client.util.store.FileDataStoreFactory setPermissionsToOwnerOnly
WARNING: unable to change permissions for owner: C:\Credentials\tokens
Nov 17, 2020 2:52:33 PM com.google.api.client.util.store.FileDataStoreFactory setPermissionsToOwnerOnly
WARNING: unable to change permissions for everybody: C:\Credentials\tokens
Nov 17, 2020 2:52:33 PM com.google.api.client.util.store.FileDataStoreFactory setPermissionsToOwnerOnly
WARNING: unable to change permissions for owner: C:\Credentials\tokens
Nov 17, 2020 2:52:33 PM com.google.api.client.util.store.FileDataStoreFactory setPermissionsToOwnerOnly
WARNING: unable to change permissions for everybody: C:\Credentials\tokens
Nov 17, 2020 2:52:33 PM com.google.api.client.util.store.FileDataStoreFactory setPermissionsToOwnerOnly
WARNING: unable to change permissions for owner: C:\Credentials\tokens
Nov 17, 2020 2:52:41 PM com.google.api.client.util.store.FileDataStoreFactory setPermissionsToOwnerOnly
WARNING: unable to change permissions for everybody: C:\Credentials\tokens
Nov 17, 2020 2:52:41 PM com.google.api.client.util.store.FileDataStoreFactory setPermissionsToOwnerOnly
WARNING: unable to change permissions for owner: C:\Credentials\tokens
Nov 17, 2020 2:52:41 PM com.google.api.client.util.store.FileDataStoreFactory setPermissionsToOwnerOnly
WARNING: unable to change permissions for everybody: C:\Credentials\tokens
Nov 17, 2020 2:52:41 PM com.google.api.client.util.store.FileDataStoreFactory setPermissionsToOwnerOnly
WARNING: unable to change permissions for owner: C:\Credentials\tokens
Nov 17, 2020 2:52:52 PM com.google.api.client.util.store.FileDataStoreFactory setPermissionsToOwnerOnly
WARNING: unable to change permissions for everybody: C:\Credentials\tokens
Nov 17, 2020 2:52:52 PM com.google.api.client.util.store.FileDataStoreFactory setPermissionsToOwnerOnly
WARNING: unable to change permissions for owner: C:\Credentials\tokens
Nov 17, 2020 2:52:53 PM com.google.api.client.util.store.FileDataStoreFactory setPermissionsToOwnerOnly
WARNING: unable to change permissions for everybody: C:\Credentials\tokens
Nov 17, 2020 2:52:53 PM com.google.api.client.util.store.FileDataStoreFactory setPermissionsToOwnerOnly
WARNING: unable to change permissions for owner: C:\Credentials\tokens
Nov 17, 2020 2:53:00 PM com.google.api.client.util.store.FileDataStoreFactory setPermissionsToOwnerOnly
WARNING: unable to change permissions for everybody: C:\Credentials\tokens
Nov 17, 2020 2:53:00 PM com.google.api.client.util.store.FileDataStoreFactory setPermissionsToOwnerOnly
WARNING: unable to change permissions for owner: C:\Credentials\tokens
Nov 17, 2020 2:53:00 PM com.google.api.client.util.store.FileDataStoreFactory setPermissionsToOwnerOnly
WARNING: unable to change permissions for everybody: C:\Credentials\tokens
Nov 17, 2020 2:53:00 PM com.google.api.client.util.store.FileDataStoreFactory setPermissionsToOwnerOnly
WARNING: unable to change permissions for owner: C:\Credentials\tokens
Nov 17, 2020 2:53:11 PM com.google.api.client.util.store.FileDataStoreFactory setPermissionsToOwnerOnly
WARNING: unable to change permissions for everybody: C:\Credentials\tokens
Nov 17, 2020 2:53:11 PM com.google.api.client.util.store.FileDataStoreFactory setPermissionsToOwnerOnly
WARNING: unable to change permissions for owner: C:\Credentials\tokens
Nov 17, 2020 2:53:11 PM com.google.api.client.util.store.FileDataStoreFactory setPermissionsToOwnerOnly
WARNING: unable to change permissions for everybody: C:\Credentials\tokens
Nov 17, 2020 2:53:11 PM com.google.api.client.util.store.FileDataStoreFactory setPermissionsToOwnerOnly
WARNING: unable to change permissions for owner: C:\Credentials\tokens
Nov 17, 2020 2:53:20 PM com.google.api.client.util.store.FileDataStoreFactory setPermissionsToOwnerOnly
WARNING: unable to change permissions for everybody: C:\Credentials\tokens
Nov 17, 2020 2:53:20 PM com.google.api.client.util.store.FileDataStoreFactory setPermissionsToOwnerOnly
WARNING: unable to change permissions for owner: C:\Credentials\tokens
Nov 17, 2020 2:53:20 PM com.google.api.client.util.store.FileDataStoreFactory setPermissionsToOwnerOnly
WARNING: unable to change permissions for everybody: C:\Credentials\tokens
Nov 17, 2020 2:53:20 PM com.google.api.client.util.store.FileDataStoreFactory setPermissionsToOwnerOnly
WARNING: unable to change permissions for owner: C:\Credentials\tokens
Nov 17, 2020 2:53:32 PM com.google.api.client.util.store.FileDataStoreFactory setPermissionsToOwnerOnly
WARNING: unable to change permissions for everybody: C:\Credentials\tokens
Nov 17, 2020 2:53:32 PM com.google.api.client.util.store.FileDataStoreFactory setPermissionsToOwnerOnly
WARNING: unable to change permissions for owner: C:\Credentials\tokens
Nov 17, 2020 2:53:32 PM com.google.api.client.util.store.FileDataStoreFactory setPermissionsToOwnerOnly
WARNING: unable to change permissions for everybody: C:\Credentials\tokens
Nov 17, 2020 2:53:32 PM com.google.api.client.util.store.FileDataStoreFactory setPermissionsToOwnerOnly
WARNING: unable to change permissions for owner: C:\Credentials\tokens
]]></system-err>
  </testcase>
</testsuite>