<?xml version="1.0" encoding="UTF-8"?>
<!-- Generated by org.testng.reporters.JUnitXMLReporter -->
<testsuite ignored="0" hostname="DESKTOP-E1H3COG" failures="0" tests="7" name="Test" time="759.331" errors="0" timestamp="17 Nov 2020 09:24:23 GMT">
  <testcase classname="SmartData_Appilcation.SmartData_App" name="SmartData_Whoweare" time="32.89"/>
  <testcase classname="SmartData_Appilcation.SmartData_App" name="WhatWeDo" time="268.551"/>
  <testcase classname="SmartData_Appilcation.SmartData_App" name="SmartData_WorkHere" time="38.471"/>
  <testcase classname="SmartData_Appilcation.SmartData_App" name="SmartData_lunchLearn" time="35.215"/>
  <testcase classname="SmartData_Appilcation.SmartData_App" name="smartData_AboutUs" time="112.634"/>
  <testcase classname="SmartData_Appilcation.SmartData_App" name="SmartData_ContactUs" time="58.029"/>
  <testcase classname="SmartData_Appilcation.SmartData_App" name="SmartData_Footer" time="213.504"/>
</testsuite> <!-- Test -->
